APP/Fitness/app/build/intermediates/manifest_merge_blame_file/debug/manifest-merger-blame-debug-report.txt
1<?xml version="1.0" encoding="utf-8"?>
2<manifest xmlns:android="http://schemas.android.com/apk/res/android"
3    package="com.lilei.fitness"
4    android:versionCode="1"
5    android:versionName="1.0" >
6
7    <uses-sdk
8        android:minSdkVersion="15"
8-->src\main\AndroidManifest.xml
9        android:targetSdkVersion="33" />
9-->src\main\AndroidManifest.xml
10
11    <uses-permission android:name="android.permission.READ_EXTERNAL_STORAGE" />
11-->src\main\AndroidManifest.xml:6:5-80
11-->src\main\AndroidManifest.xml:6:22-77
12    <uses-permission android:name="android.permission.WRITE_EXTERNAL_STORAGE" />
12-->src\main\AndroidManifest.xml:7:5-81
12-->src\main\AndroidManifest.xml:7:22-78
13    <uses-permission android:name="android.permission.INTERNET" />
13-->src\main\AndroidManifest.xml:8:5-67
13-->src\main\AndroidManifest.xml:8:22-64
14
15    <permission
15-->[androidx.core:core:1.9.0] AndroidManifest.xml:22:5-24:47
16        android:name="com.lilei.fitness.DYNAMIC_RECEIVER_NOT_EXPORTED_PERMISSION"
16-->[androidx.core:core:1.9.0] AndroidManifest.xml:23:9-81
17        android:protectionLevel="signature" />
17-->[androidx.core:core:1.9.0] AndroidManifest.xml:24:9-44
18
19    <uses-permission android:name="com.lilei.fitness.DYNAMIC_RECEIVER_NOT_EXPORTED_PERMISSION" />
19-->[androidx.core:core:1.9.0] AndroidManifest.xml:26:5-97
19-->[androidx.core:core:1.9.0] AndroidManifest.xml:26:22-94
20
21    <application
21-->src\main\AndroidManifest.xml:10:5-87:19
22        android:allowBackup="true"
22-->src\main\AndroidManifest.xml:11:9-35
23        android:debuggable="true"
24        android:icon="@drawable/fitness"
24-->src\main\AndroidManifest.xml:12:9-41
25        android:label="@string/app_name"
25-->src\main\AndroidManifest.xml:13:9-41
26        android:roundIcon="@drawable/fitness_round"
26-->src\main\AndroidManifest.xml:14:9-52
27        android:supportsRtl="true"
27-->src\main\AndroidManifest.xml:15:9-35
28        android:testOnly="true"
29        android:theme="@style/AppTheme"
29-->src\main\AndroidManifest.xml:17:9-40
30        android:usesCleartextTraffic="true" >
30-->src\main\AndroidManifest.xml:18:9-44
31        <activity
31-->src\main\AndroidManifest.xml:19:9-28:20
32            android:name="com.lilei.fitness.view.SplashActivity"
32-->src\main\AndroidManifest.xml:20:13-48
33            android:exported="true"
33-->src\main\AndroidManifest.xml:22:13-36
34            android:screenOrientation="portrait" >
34-->src\main\AndroidManifest.xml:21:13-49
35            <intent-filter>
35-->src\main\AndroidManifest.xml:23:13-27:29
36                <action android:name="android.intent.action.MAIN" />
36-->src\main\AndroidManifest.xml:24:17-69
36-->src\main\AndroidManifest.xml:24:25-66
37
38                <category android:name="android.intent.category.LAUNCHER" />
38-->src\main\AndroidManifest.xml:26:17-77
38-->src\main\AndroidManifest.xml:26:27-74
39            </intent-filter>
40        </activity>
41        <activity
41-->src\main\AndroidManifest.xml:29:9-32:52
42            android:name="com.lilei.fitness.view.MainActivity"
42-->src\main\AndroidManifest.xml:30:13-46
43            android:launchMode="singleTop"
43-->src\main\AndroidManifest.xml:31:13-43
44            android:screenOrientation="portrait" />
44-->src\main\AndroidManifest.xml:32:13-49
45        <activity
45-->src\main\AndroidManifest.xml:34:9-37:52
46            android:name="com.lilei.fitness.view.LoginActivity"
46-->src\main\AndroidManifest.xml:35:13-47
47            android:launchMode="singleTop"
47-->src\main\AndroidManifest.xml:36:13-43
48            android:screenOrientation="portrait" />
48-->src\main\AndroidManifest.xml:37:13-49
49        <activity
49-->src\main\AndroidManifest.xml:39:9-42:52
50            android:name="com.lilei.fitness.view.RegisterActivity"
50-->src\main\AndroidManifest.xml:40:13-50
51            android:launchMode="singleTop"
51-->src\main\AndroidManifest.xml:41:13-43
52            android:screenOrientation="portrait" />
52-->src\main\AndroidManifest.xml:42:13-49
53        <activity
53-->src\main\AndroidManifest.xml:43:9-46:52
54            android:name="com.lilei.fitness.view.DateCheckActivity"
54-->src\main\AndroidManifest.xml:44:13-51
55            android:launchMode="singleTop"
55-->src\main\AndroidManifest.xml:45:13-43
56            android:screenOrientation="portrait" />
56-->src\main\AndroidManifest.xml:46:13-49
57        <activity
57-->src\main\AndroidManifest.xml:47:9-50:52
58            android:name="com.lilei.fitness.view.ConfigActivity"
58-->src\main\AndroidManifest.xml:48:13-48
59            android:launchMode="singleTop"
59-->src\main\AndroidManifest.xml:49:13-43
60            android:screenOrientation="portrait" />
60-->src\main\AndroidManifest.xml:50:13-49
61        <activity
61-->src\main\AndroidManifest.xml:51:9-54:52
62            android:name="com.lilei.fitness.view.ReleaseNewsActivity"
62-->src\main\AndroidManifest.xml:52:13-53
63            android:launchMode="singleTop"
63-->src\main\AndroidManifest.xml:53:13-43
64            android:screenOrientation="portrait" />
64-->src\main\AndroidManifest.xml:54:13-49
65        <activity
65-->src\main\AndroidManifest.xml:55:9-58:52
66            android:name="com.lilei.fitness.view.HomepageActivity"
66-->src\main\AndroidManifest.xml:56:13-50
67            android:launchMode="singleTop"
67-->src\main\AndroidManifest.xml:57:13-43
68            android:screenOrientation="portrait" />
68-->src\main\AndroidManifest.xml:58:13-49
69        <activity
69-->src\main\AndroidManifest.xml:59:9-62:52
70            android:name="com.lilei.fitness.view.NewsDetailActivity"
70-->src\main\AndroidManifest.xml:60:13-52
71            android:launchMode="singleTop"
71-->src\main\AndroidManifest.xml:61:13-43
72            android:screenOrientation="portrait" />
72-->src\main\AndroidManifest.xml:62:13-49
73        <activity
73-->src\main\AndroidManifest.xml:63:9-66:52
74            android:name="com.lilei.fitness.view.BeforeDateCheckActivity"
74-->src\main\AndroidManifest.xml:64:13-57
75            android:launchMode="singleTop"
75-->src\main\AndroidManifest.xml:65:13-43
76            android:screenOrientation="portrait" />
76-->src\main\AndroidManifest.xml:66:13-49
77        <activity
77-->src\main\AndroidManifest.xml:67:9-70:52
78            android:name="com.lilei.fitness.view.CommentsListActivity"
78-->src\main\AndroidManifest.xml:68:13-54
79            android:launchMode="singleTop"
79-->src\main\AndroidManifest.xml:69:13-43
80            android:screenOrientation="portrait" />
80-->src\main\AndroidManifest.xml:70:13-49
81        <activity
81-->src\main\AndroidManifest.xml:71:9-74:52
82            android:name="com.lilei.fitness.view.FavorsListActivity"
82-->src\main\AndroidManifest.xml:72:13-52
83            android:launchMode="singleTop"
83-->src\main\AndroidManifest.xml:73:13-43
84            android:screenOrientation="portrait" />
84-->src\main\AndroidManifest.xml:74:13-49
85        <activity
85-->src\main\AndroidManifest.xml:75:9-78:53
86            android:name="com.lilei.fitness.view.VideoPlayer"
86-->src\main\AndroidManifest.xml:76:13-45
87            android:launchMode="singleTop"
87-->src\main\AndroidManifest.xml:77:13-43
88            android:screenOrientation="landscape" />
88-->src\main\AndroidManifest.xml:78:13-50
89
90        <!-- test -->
91        <activity
91-->src\main\AndroidManifest.xml:81:9-84:53
92            android:name="com.lilei.fitness.view.test.VideoPlayer"
92-->src\main\AndroidManifest.xml:82:13-50
93            android:launchMode="singleTop"
93-->src\main\AndroidManifest.xml:83:13-43
94            android:screenOrientation="landscape" />
94-->src\main\AndroidManifest.xml:84:13-50
95        <!-- test -->
96
97    </application>
98
99</manifest>